<?xml version="1.0" encoding="UTF-8"?>
<!-- Generated by org.testng.reporters.JUnitReportReporter -->
<testsuite skipped="0" hostname="NSWS005" name="com.kreatocrm.testCases.TS_Login_001" tests="1" failures="0" timestamp="2019-12-06T11:41:10 IST" time="18.839" errors="0">
  <testcase name="TC_01_Login_001" time="18.839" classname="com.kreatocrm.testCases.TS_Login_001"/>
</testsuite> <!-- com.kreatocrm.testCases.TS_Login_001 -->
