<?xml version="1.0" encoding="UTF-8"?>
<!-- Generated by org.testng.reporters.JUnitReportReporter -->
<testsuite skipped="0" hostname="NSWS005" name="com.kreatocrm.testCases.TS_Login_001" tests="1" failures="0" timestamp="2019-11-27T15:12:28 IST" time="17.787" errors="0">
  <testcase name="dynamicEmailID" time="17.787" classname="com.kreatocrm.testCases.TS_Login_001"/>
</testsuite> <!-- com.kreatocrm.testCases.TS_Login_001 -->
