<?xml version="1.0" encoding="UTF-8"?>
<!-- Generated by org.testng.reporters.JUnitReportReporter -->
<testsuite skipped="0" hostname="NSWS005" name="com.kreatocrm.testCases.TS_Login_001" tests="1" failures="0" timestamp="2019-11-28T17:25:22 IST" time="17.555" errors="0">
  <testcase name="dynamicEmailIDPasswordContactNo" time="17.555" classname="com.kreatocrm.testCases.TS_Login_001"/>
</testsuite> <!-- com.kreatocrm.testCases.TS_Login_001 -->
